# JRE version: Java(TM) SE Runtime Environment (7.0_67-b01) (build 1.7.0_67-b01)
# Java VM: Java HotSpot(TM) 64-Bit Server VM (24.65-b04 mixed mode bsd-amd64 compressed oops)
Heap
 PSYoungGen      total 287744K, used 9641K [0x00000007aaa80000, 0x00000007bdc80000, 0x0000000800000000)
  eden space 262144K, 3% used [0x00000007aaa80000,0x00000007ab3ea5b0,0x00000007baa80000)
  from space 25600K, 0% used [0x00000007baa80000,0x00000007baa80000,0x00000007bc380000)
  to   space 24576K, 0% used [0x00000007bc480000,0x00000007bc480000,0x00000007bdc80000)
 ParOldGen       total 174592K, used 32379K [0x0000000700000000, 0x000000070aa80000, 0x00000007aaa80000)
  object space 174592K, 18% used [0x0000000700000000,0x0000000701f9edf8,0x000000070aa80000)
 PSPermGen       total 70144K, used 34944K [0x00000006fae00000, 0x00000006ff280000, 0x0000000700000000)
  object space 70144K, 49% used [0x00000006fae00000,0x00000006fd020298,0x00000006ff280000)
GC Heap History (10 events):
Event: 6.849 GC heap before
{Heap before GC invocations=6 (full 0):
 PSYoungGen      total 76800K, used 76797K [0x00000007aaa80000, 0x00000007b5680000, 0x0000000800000000)
  eden space 66048K, 100% used [0x00000007aaa80000,0x00000007aeb00000,0x00000007aeb00000)
  from space 10752K, 99% used [0x00000007aeb00000,0x00000007af57f690,0x00000007af580000)
  to   space 22016K, 0% used [0x00000007b4100000,0x00000007b4100000,0x00000007b5680000)
 ParOldGen       total 174592K, used 16112K [0x0000000700000000, 0x000000070aa80000, 0x00000007aaa80000)
  object space 174592K, 9% used [0x0000000700000000,0x0000000700fbc160,0x000000070aa80000)
 PSPermGen       total 31232K, used 30859K [0x00000006fae00000, 0x00000006fcc80000, 0x0000000700000000)
  object space 31232K, 98% used [0x00000006fae00000,0x00000006fcc22ea8,0x00000006fcc80000)
Event: 6.868 GC heap after
Heap after GC invocations=6 (full 0):
 PSYoungGen      total 154112K, used 14934K [0x00000007aaa80000, 0x00000007b5680000, 0x0000000800000000)
  eden space 132096K, 0% used [0x00000007aaa80000,0x00000007aaa80000,0x00000007b2b80000)
  from space 22016K, 67% used [0x00000007b4100000,0x00000007b4f95938,0x00000007b5680000)
  to   space 22016K, 0% used [0x00000007b2b80000,0x00000007b2b80000,0x00000007b4100000)
 ParOldGen       total 174592K, used 16120K [0x0000000700000000, 0x000000070aa80000, 0x00000007aaa80000)
  object space 174592K, 9% used [0x0000000700000000,0x0000000700fbe160,0x000000070aa80000)
 PSPermGen       total 31232K, used 30859K [0x00000006fae00000, 0x00000006fcc80000, 0x0000000700000000)
  object space 31232K, 98% used [0x00000006fae00000,0x00000006fcc22ea8,0x00000006fcc80000)
}
Event: 8.652 GC heap before
{Heap before GC invocations=7 (full 0):
 PSYoungGen      total 154112K, used 147030K [0x00000007aaa80000, 0x00000007b5680000, 0x0000000800000000)
  eden space 132096K, 100% used [0x00000007aaa80000,0x00000007b2b80000,0x00000007b2b80000)
  from space 22016K, 67% used [0x00000007b4100000,0x00000007b4f95938,0x00000007b5680000)
  to   space 22016K, 0% used [0x00000007b2b80000,0x00000007b2b80000,0x00000007b4100000)
 ParOldGen       total 174592K, used 16120K [0x0000000700000000, 0x000000070aa80000, 0x00000007aaa80000)
  object space 174592K, 9% used [0x0000000700000000,0x0000000700fbe160,0x000000070aa80000)
 PSPermGen       total 32768K, used 32507K [0x00000006fae00000, 0x00000006fce00000, 0x0000000700000000)
  object space 32768K, 99% used [0x00000006fae00000,0x00000006fcdbeeb0,0x00000006fce00000)
Event: 8.674 GC heap after
Heap after GC invocations=7 (full 0):
 PSYoungGen      total 154112K, used 18397K [0x00000007aaa80000, 0x00000007bda80000, 0x0000000800000000)
  eden space 132096K, 0% used [0x00000007aaa80000,0x00000007aaa80000,0x00000007b2b80000)
  from space 22016K, 83% used [0x00000007b2b80000,0x00000007b3d777c0,0x00000007b4100000)
  to   space 23552K, 0% used [0x00000007bc380000,0x00000007bc380000,0x00000007bda80000)
 ParOldGen       total 174592K, used 20861K [0x0000000700000000, 0x000000070aa80000, 0x00000007aaa80000)
  object space 174592K, 11% used [0x0000000700000000,0x000000070145f5d0,0x000000070aa80000)
 PSPermGen       total 32768K, used 32507K [0x00000006fae00000, 0x00000006fce00000, 0x0000000700000000)
  object space 32768K, 99% used [0x00000006fae00000,0x00000006fcdbeeb0,0x00000006fce00000)
}
Event: 9.905 GC heap before
{Heap before GC invocations=8 (full 0):
 PSYoungGen      total 154112K, used 150493K [0x00000007aaa80000, 0x00000007bda80000, 0x0000000800000000)
  eden space 132096K, 100% used [0x00000007aaa80000,0x00000007b2b80000,0x00000007b2b80000)
  from space 22016K, 83% used [0x00000007b2b80000,0x00000007b3d777c0,0x00000007b4100000)
  to   space 23552K, 0% used [0x00000007bc380000,0x00000007bc380000,0x00000007bda80000)
 ParOldGen       total 174592K, used 20861K [0x0000000700000000, 0x000000070aa80000, 0x00000007aaa80000)
  object space 174592K, 11% used [0x0000000700000000,0x000000070145f5d0,0x000000070aa80000)
 PSPermGen       total 34816K, used 34744K [0x00000006fae00000, 0x00000006fd000000, 0x0000000700000000)
  object space 34816K, 99% used [0x00000006fae00000,0x00000006fcfee110,0x00000006fd000000)
Event: 9.925 GC heap after
Heap after GC invocations=8 (full 0):
 PSYoungGen      total 285696K, used 20958K [0x00000007aaa80000, 0x00000007bde80000, 0x0000000800000000)
  eden space 262144K, 0% used [0x00000007aaa80000,0x00000007aaa80000,0x00000007baa80000)
  from space 23552K, 88% used [0x00000007bc380000,0x00000007bd7f7b78,0x00000007bda80000)
  to   space 25600K, 0% used [0x00000007baa80000,0x00000007baa80000,0x00000007bc380000)
 ParOldGen       total 174592K, used 24107K [0x0000000700000000, 0x000000070aa80000, 0x00000007aaa80000)
  object space 174592K, 13% used [0x0000000700000000,0x000000070178ac60,0x000000070aa80000)
 PSPermGen       total 34816K, used 34744K [0x00000006fae00000, 0x00000006fd000000, 0x0000000700000000)
  object space 34816K, 99% used [0x00000006fae00000,0x00000006fcfee110,0x00000006fd000000)
}
Event: 10.525 GC heap before
{Heap before GC invocations=9 (full 0):
 PSYoungGen      total 285696K, used 138507K [0x00000007aaa80000, 0x00000007bde80000, 0x0000000800000000)
  eden space 262144K, 44% used [0x00000007aaa80000,0x00000007b1d4b340,0x00000007baa80000)
  from space 23552K, 88% used [0x00000007bc380000,0x00000007bd7f7b78,0x00000007bda80000)
  to   space 25600K, 0% used [0x00000007baa80000,0x00000007baa80000,0x00000007bc380000)
 ParOldGen       total 174592K, used 24107K [0x0000000700000000, 0x000000070aa80000, 0x00000007aaa80000)
  object space 174592K, 13% used [0x0000000700000000,0x000000070178ac60,0x000000070aa80000)
 PSPermGen       total 35328K, used 34960K [0x00000006fae00000, 0x00000006fd080000, 0x0000000700000000)
  object space 35328K, 98% used [0x00000006fae00000,0x00000006fd024070,0x00000006fd080000)
Event: 10.545 GC heap after
Heap after GC invocations=9 (full 0):
 PSYoungGen      total 287744K, used 14948K [0x00000007aaa80000, 0x00000007bdc80000, 0x0000000800000000)
  eden space 262144K, 0% used [0x00000007aaa80000,0x00000007aaa80000,0x00000007baa80000)
  from space 25600K, 58% used [0x00000007baa80000,0x00000007bb919228,0x00000007bc380000)
  to   space 24576K, 0% used [0x00000007bc480000,0x00000007bc480000,0x00000007bdc80000)
 ParOldGen       total 174592K, used 30401K [0x0000000700000000, 0x000000070aa80000, 0x00000007aaa80000)
  object space 174592K, 17% used [0x0000000700000000,0x0000000701db0558,0x000000070aa80000)
 PSPermGen       total 35328K, used 34960K [0x00000006fae00000, 0x00000006fd080000, 0x0000000700000000)
  object space 35328K, 98% used [0x00000006fae00000,0x00000006fd024070,0x00000006fd080000)
}
Event: 10.545 GC heap before
{Heap before GC invocations=10 (full 1):
 PSYoungGen      total 287744K, used 14948K [0x00000007aaa80000, 0x00000007bdc80000, 0x0000000800000000)
  eden space 262144K, 0% used [0x00000007aaa80000,0x00000007aaa80000,0x00000007baa80000)
  from space 25600K, 58% used [0x00000007baa80000,0x00000007bb919228,0x00000007bc380000)
  to   space 24576K, 0% used [0x00000007bc480000,0x00000007bc480000,0x00000007bdc80000)
 ParOldGen       total 174592K, used 30401K [0x0000000700000000, 0x000000070aa80000, 0x00000007aaa80000)
  object space 174592K, 17% used [0x0000000700000000,0x0000000701db0558,0x000000070aa80000)
 PSPermGen       total 35328K, used 34960K [0x00000006fae00000, 0x00000006fd080000, 0x0000000700000000)
  object space 35328K, 98% used [0x00000006fae00000,0x00000006fd024070,0x00000006fd080000)
Event: 10.804 GC heap after
Heap after GC invocations=10 (full 1):
 PSYoungGen      total 287744K, used 0K [0x00000007aaa80000, 0x00000007bdc80000, 0x0000000800000000)
  eden space 262144K, 0% used [0x00000007aaa80000,0x00000007aaa80000,0x00000007baa80000)
  from space 25600K, 0% used [0x00000007baa80000,0x00000007baa80000,0x00000007bc380000)
  to   space 24576K, 0% used [0x00000007bc480000,0x00000007bc480000,0x00000007bdc80000)
 ParOldGen       total 174592K, used 32379K [0x0000000700000000, 0x000000070aa80000, 0x00000007aaa80000)
  object space 174592K, 18% used [0x0000000700000000,0x0000000701f9edf8,0x000000070aa80000)
 PSPermGen       total 70144K, used 34940K [0x00000006fae00000, 0x00000006ff280000, 0x0000000700000000)
  object space 70144K, 49% used [0x00000006fae00000,0x00000006fd01f130,0x00000006ff280000)
}

